<?xml version="1.0" encoding="UTF-8"?>
<!-- Generated by org.testng.reporters.JUnitXMLReporter -->
<testsuite hostname="DESKTOP-7ISONQV" name="Simple Test" tests="5" failures="0" timestamp="18 May 2022 15:47:40 GMT" time="0.194" errors="0">
  <testcase name="@BeforeTest startTest" time="0.0" classname="selenium_ExtentReport.ExtentReport">
    <failure type="java.lang.NullPointerException">
      <![CDATA[java.lang.NullPointerException
	at selenium_ExtentReport.ExtentReport.startTest(ExtentReport.java:43)
... Removed 22 stack frames]]>
    </failure>
  </testcase> <!-- @BeforeTest startTest -->
  <testcase name="@BeforeMethod openApplication" time="0.0" classname="selenium_ExtentReport.ExtentReport">
    <skipped/>
  </testcase> <!-- @BeforeMethod openApplication -->
  <testcase name="@AfterMethod setTestResult" time="0.0" classname="selenium_ExtentReport.ExtentReport">
    <skipped/>
  </testcase> <!-- @AfterMethod setTestResult -->
  <testcase name="@BeforeMethod openApplication" time="0.0" classname="selenium_ExtentReport.ExtentReport">
    <skipped/>
  </testcase> <!-- @BeforeMethod openApplication -->
  <testcase name="@AfterMethod setTestResult" time="0.0" classname="selenium_ExtentReport.ExtentReport">
    <skipped/>
  </testcase> <!-- @AfterMethod setTestResult -->
  <testcase name="@BeforeMethod openApplication" time="0.0" classname="selenium_ExtentReport.ExtentReport">
    <skipped/>
  </testcase> <!-- @BeforeMethod openApplication -->
  <testcase name="@AfterMethod setTestResult" time="0.0" classname="selenium_ExtentReport.ExtentReport">
    <skipped/>
  </testcase> <!-- @AfterMethod setTestResult -->
  <testcase name="@BeforeMethod openApplication" time="0.0" classname="selenium_ExtentReport.ExtentReport">
    <skipped/>
  </testcase> <!-- @BeforeMethod openApplication -->
  <testcase name="@AfterMethod setTestResult" time="0.0" classname="selenium_ExtentReport.ExtentReport">
    <skipped/>
  </testcase> <!-- @AfterMethod setTestResult -->
  <testcase name="@BeforeMethod openApplication" time="0.0" classname="selenium_ExtentReport.ExtentReport">
    <skipped/>
  </testcase> <!-- @BeforeMethod openApplication -->
  <testcase name="@AfterMethod setTestResult" time="0.0" classname="selenium_ExtentReport.ExtentReport">
    <skipped/>
  </testcase> <!-- @AfterMethod setTestResult -->
  <testcase name="@AfterTest endTest" time="0.0" classname="selenium_ExtentReport.ExtentReport">
    <skipped/>
  </testcase> <!-- @AfterTest endTest -->
  <testcase name="functionality1Test1" time="0.002" classname="selenium_ExtentReport.ExtentReport">
    <skipped/>
  </testcase> <!-- functionality1Test1 -->
  <testcase name="functionality1Test2" time="0.0" classname="selenium_ExtentReport.ExtentReport">
    <skipped/>
  </testcase> <!-- functionality1Test2 -->
  <testcase name="functionality1Test3" time="0.0" classname="selenium_ExtentReport.ExtentReport">
    <skipped/>
  </testcase> <!-- functionality1Test3 -->
  <testcase name="verifyTittleTest" time="0.001" classname="selenium_ExtentReport.ExtentReport">
    <skipped/>
  </testcase> <!-- verifyTittleTest -->
  <testcase name="fillRegistrationformTest" time="0.001" classname="selenium_ExtentReport.ExtentReport">
    <skipped/>
  </testcase> <!-- fillRegistrationformTest -->
</testsuite> <!-- Simple Test -->
