<?xml version="1.0" encoding="UTF-8"?>
<testsuite xmlns:xsi="http://www.w3.org/2001/XMLSchema-instance" xsi:schemaLocation="https://maven.apache.org/surefire/maven-surefire-plugin/xsd/surefire-test-report.xsd" name="TestSuite" time="86.791" tests="8" errors="0" skipped="0" failures="5">
  <properties>
[...]
</properties>
  <testcase name="verifyTittleTest" classname="Demo_ExtentReport.ExtentReport" time="0.015"/>
  <testcase name="fillRegistrationformTest" classname="Demo_ExtentReport.ExtentReport" time="10.159"/>
  <testcase name="functionality1Test1" classname="Demo_ExtentReport.ExtentReport" time="0"/>
  <testcase name="functionality1Test2" classname="Demo_ExtentReport.ExtentReport" time="0.009">
    <failure message="expected [Sakinala] but found [Krishna]" type="java.lang.AssertionError">java.lang.AssertionError: expected [Sakinala] but found [Krishna]
	at Demo_ExtentReport.ExtentReport.functionality1Test2(ExtentReport.java:99)
</failure>
    <system-err><![CDATA[Starting ChromeDriver 2.40.565498 (ea082db3280dd6843ebfb08a625e3eb905c4f5ab) on port 10222
Only local connections are allowed.
May 23, 2022 5:12:11 PM org.openqa.selenium.remote.ProtocolHandshake createSession
INFO: Detected dialect: OSS
]]></system-err>
  </testcase>
  <testcase name="functionality1Test3" classname="Demo_ExtentReport.ExtentReport" time="0">
    <failure message="did not expect [Krishna] but found [Krishna]" type="java.lang.AssertionError">java.lang.AssertionError: did not expect [Krishna] but found [Krishna]
	at Demo_ExtentReport.ExtentReport.functionality1Test3(ExtentReport.java:106)
</failure>
    <system-err><![CDATA[Starting ChromeDriver 2.40.565498 (ea082db3280dd6843ebfb08a625e3eb905c4f5ab) on port 33710
Only local connections are allowed.
May 23, 2022 5:12:20 PM org.openqa.selenium.remote.ProtocolHandshake createSession
INFO: Detected dialect: OSS
]]></system-err>
  </testcase>
  <testcase name="verifyTitle" classname="testcases.TestForEbay" time="0.175">
    <failure type="java.lang.NullPointerException">java.lang.NullPointerException
	at testcases.TestForEbay.verifyTitle(TestForEbay.java:53)
</failure>
    <system-err><![CDATA[Starting ChromeDriver 2.40.565498 (ea082db3280dd6843ebfb08a625e3eb905c4f5ab) on port 13763
Only local connections are allowed.
May 23, 2022 5:12:28 PM org.openqa.selenium.remote.ProtocolHandshake createSession
INFO: Detected dialect: OSS
]]></system-err>
  </testcase>
  <testcase name="searchProduct" classname="testcases.TestForEbay" time="0">
    <failure type="java.lang.NullPointerException">java.lang.NullPointerException
	at testcases.TestForEbay.searchProduct(TestForEbay.java:61)
</failure>
  </testcase>
  <testcase name="tearDown" classname="testcases.TestForEbay" time="0.954">
    <failure type="java.lang.NullPointerException">java.lang.NullPointerException
	at testcases.TestForEbay.tearDown(TestForEbay.java:69)
</failure>
  </testcase>
</testsuite>